Watching for file changes with StatReloader
C:\Users\Ancient\Documents\GitHub\gvrc_dmin\core\settings\dev.py changed, reloading.
Watching for file changes with StatReloader
"GET /infrastructure/ HTTP/1.1" 200 21838
Error in pages view for /help/: [Errno 13] Permission denied: 'C:\\Users\\Ancient\\Documents\\GitHub\\gvrc_dmin\\apps\\templates\\home'
"GET /help/ HTTP/1.1" 200 4805
Error in pages view for /help/: [Errno 13] Permission denied: 'C:\\Users\\Ancient\\Documents\\GitHub\\gvrc_dmin\\apps\\templates\\home'
"GET /help/ HTTP/1.1" 200 4805
C:\Users\Ancient\Documents\GitHub\gvrc_dmin\apps\home\views.py changed, reloading.
Watching for file changes with StatReloader
Watching for file changes with StatReloader
Error in pages view for /help/: [Errno 13] Permission denied: 'C:\\Users\\Ancient\\Documents\\GitHub\\gvrc_dmin\\apps\\templates\\home'
"GET /help/ HTTP/1.1" 200 4805
Error in pages view for /help/: [Errno 13] Permission denied: 'C:\\Users\\Ancient\\Documents\\GitHub\\gvrc_dmin\\apps\\templates\\home'
"GET /help/ HTTP/1.1" 200 4805
Error in pages view for /help/: [Errno 13] Permission denied: 'C:\\Users\\Ancient\\Documents\\GitHub\\gvrc_dmin\\apps\\templates\\home'
"GET /help/ HTTP/1.1" 200 4805
Error in pages view for /help/: [Errno 13] Permission denied: 'C:\\Users\\Ancient\\Documents\\GitHub\\gvrc_dmin\\apps\\templates\\home'
"GET /help/ HTTP/1.1" 200 4805
"GET / HTTP/1.1" 200 27414
"GET /human-resources/ HTTP/1.1" 200 19621
"GET /human-resources/add/ HTTP/1.1" 200 23218
"GET /services/ HTTP/1.1" 200 19687
"GET /facilities/ HTTP/1.1" 200 21309
"GET /facilities/add/ HTTP/1.1" 200 27053
"GET /infrastructure/ HTTP/1.1" 200 21838
"GET /human-resources/ HTTP/1.1" 200 19621
"GET /human-resources/add/ HTTP/1.1" 200 23218
"GET /facilities/ HTTP/1.1" 200 21309
"GET / HTTP/1.1" 200 27414
"GET /infrastructure/ HTTP/1.1" 200 21838
"GET /human-resources/ HTTP/1.1" 200 19621
"GET /services/ HTTP/1.1" 200 19687
"GET /infrastructure/ HTTP/1.1" 200 21838
"GET /human-resources/ HTTP/1.1" 200 19621
"GET /services/ HTTP/1.1" 200 19687
"GET /facilities/ HTTP/1.1" 200 21309
"GET /services/ HTTP/1.1" 200 19687
"GET /facilities/ HTTP/1.1" 200 21309
"GET /facilities/add/ HTTP/1.1" 200 27053
"GET /services/ HTTP/1.1" 200 19687
"GET /human-resources/ HTTP/1.1" 200 19621
"GET /admin/facilities/facility/add/ HTTP/1.1" 200 23708
"GET /admin/jsi18n/ HTTP/1.1" 200 3343
"GET /admin/ HTTP/1.1" 200 7764
"GET /static/admin/css/dashboard.css HTTP/1.1" 200 441
"GET /static/admin/img/icon-changelink.svg HTTP/1.1" 200 380
"GET /human-resources/ HTTP/1.1" 200 21886
"GET /facilities/ HTTP/1.1" 200 23574
"GET /services/add/ HTTP/1.1" 200 23318
"GET / HTTP/1.1" 200 29679
"GET /facilities/ HTTP/1.1" 200 23574
"GET /services/ HTTP/1.1" 200 21952
"GET /human-resources/ HTTP/1.1" 200 21886
"GET /infrastructure/ HTTP/1.1" 200 24103
"GET /human-resources/ HTTP/1.1" 200 21886
"GET / HTTP/1.1" 200 29679
Watching for file changes with StatReloader
"GET / HTTP/1.1" 200 29404
"GET /static/assets/vendor/js-cookie/js.cookie.js HTTP/1.1" 200 3886
"GET /static/assets/vendor/nucleo/css/nucleo.css HTTP/1.1" 200 9015
"GET /static/assets/vendor/@fortawesome/fontawesome-free/css/all.min.css HTTP/1.1" 200 57180
"GET /static/assets/css/argon.css?v=1.2.0 HTTP/1.1" 200 455973
"GET /static/assets/vendor/chart.js/dist/Chart.min.js HTTP/1.1" 200 172812
"GET /static/assets/vendor/jquery/dist/jquery.min.js HTTP/1.1" 200 88145
"GET /static/assets/vendor/chart.js/dist/Chart.extension.js HTTP/1.1" 200 3552
"GET /static/assets/vendor/jquery-scroll-lock/dist/jquery-scrollLock.min.js HTTP/1.1" 200 4587
"GET /static/assets/js/argon.js?v=1.2.0 HTTP/1.1" 200 21706
"GET /static/assets/vendor/jquery.scrollbar/jquery.scrollbar.min.js HTTP/1.1" 200 13026
"GET /static/assets/vendor/bootstrap/dist/js/bootstrap.bundle.min.js HTTP/1.1" 200 80650
"GET /static/assets/img/brand/blue.png HTTP/1.1" 200 7883
"GET /static/assets/img/theme/team-3.jpg HTTP/1.1" 200 173325
"GET /static/assets/img/theme/team-1.jpg HTTP/1.1" 200 166436
"GET /static/assets/img/theme/team-2.jpg HTTP/1.1" 200 266315
"GET /static/assets/img/theme/team-4.jpg HTTP/1.1" 200 124734
"GET /static/assets/vendor/nucleo/fonts/nucleo-icons.woff2 HTTP/1.1" 200 8580
"GET /static/assets/vendor/@fortawesome/fontawesome-free/webfonts/fa-solid-900.woff2 HTTP/1.1" 200 76084
"GET /static/assets/vendor/@fortawesome/fontawesome-free/webfonts/fa-brands-400.woff2 HTTP/1.1" 200 75936
"GET /static/assets/img/brand/favicon.png HTTP/1.1" 200 4976
"GET /accounts/logout/ HTTP/1.1" 302 0
"GET /accounts/auth-signin/ HTTP/1.1" 200 3420
"GET /static/assets/js/plugins/perfect-scrollbar.min.js HTTP/1.1" 200 19569
"GET /static/assets/js/plugins/popper.min.js HTTP/1.1" 200 19497
"GET /static/assets/js/plugins/bootstrap.min.js HTTP/1.1" 200 59225
"GET /static/assets/js/pcoded.js HTTP/1.1" 200 16380
"GET /static/assets/css/style.css HTTP/1.1" 200 587297
"GET /static/assets/images/logo-dark.png HTTP/1.1" 200 3283
"GET /static/assets/css/plugins/animate.min.css HTTP/1.1" 200 58139
"GET /static/assets/js/waves.min.js HTTP/1.1" 404 1926
"GET /static/assets/js/vendor-all.min.js HTTP/1.1" 404 1941
"GET /static/assets/fonts/feather.woff?t=1501841394106 HTTP/1.1" 200 26432
"GET /static/assets/fonts/poppins/pxiByp8kv8JHgFVrLEj6Z1xlFQ.woff2 HTTP/1.1" 200 7836
"GET /static/assets/fonts/poppins/pxiEyp8kv8JHgFVrJJfecg.woff2 HTTP/1.1" 200 7968
"GET /static/assets/js/vendor-all.min.js HTTP/1.1" 404 1941
"GET /static/assets/js/waves.min.js HTTP/1.1" 404 1926
"GET /static/assets/images/favicon.ico HTTP/1.1" 200 15086
"POST /accounts/auth-signin/ HTTP/1.1" 200 3601
"GET /static/assets/css/style.css HTTP/1.1" 304 0
"GET /static/assets/js/plugins/bootstrap.min.js HTTP/1.1" 304 0
"GET /static/assets/js/plugins/popper.min.js HTTP/1.1" 304 0
"GET /static/assets/js/plugins/perfect-scrollbar.min.js HTTP/1.1" 304 0
"GET /static/assets/js/pcoded.js HTTP/1.1" 304 0
"GET /static/assets/js/waves.min.js HTTP/1.1" 404 1926
"GET /static/assets/js/vendor-all.min.js HTTP/1.1" 404 1941
"GET /static/assets/css/plugins/animate.min.css HTTP/1.1" 304 0
"GET /static/assets/images/logo-dark.png HTTP/1.1" 304 0
"GET /static/assets/js/vendor-all.min.js HTTP/1.1" 404 1941
"GET /static/assets/js/waves.min.js HTTP/1.1" 404 1926
"POST /accounts/auth-signin/ HTTP/1.1" 302 0
"GET / HTTP/1.1" 200 29679
"GET /static/assets/vendor/nucleo/css/nucleo.css HTTP/1.1" 304 0
"GET /static/assets/vendor/@fortawesome/fontawesome-free/css/all.min.css HTTP/1.1" 304 0
"GET /static/assets/css/argon.css?v=1.2.0 HTTP/1.1" 304 0
"GET /static/assets/vendor/jquery/dist/jquery.min.js HTTP/1.1" 304 0
"GET /static/assets/vendor/jquery-scroll-lock/dist/jquery-scrollLock.min.js HTTP/1.1" 304 0
"GET /static/assets/vendor/js-cookie/js.cookie.js HTTP/1.1" 304 0
"GET /static/assets/vendor/chart.js/dist/Chart.min.js HTTP/1.1" 304 0
"GET /static/assets/vendor/chart.js/dist/Chart.extension.js HTTP/1.1" 304 0
"GET /static/assets/vendor/bootstrap/dist/js/bootstrap.bundle.min.js HTTP/1.1" 304 0
"GET /static/assets/vendor/jquery.scrollbar/jquery.scrollbar.min.js HTTP/1.1" 304 0
"GET /static/assets/js/argon.js?v=1.2.0 HTTP/1.1" 304 0
"GET /static/assets/img/theme/team-1.jpg HTTP/1.1" 304 0
"GET /static/assets/img/theme/team-4.jpg HTTP/1.1" 304 0
"GET /static/assets/img/brand/blue.png HTTP/1.1" 304 0
"GET /static/assets/img/theme/team-2.jpg HTTP/1.1" 304 0
"GET /static/assets/img/theme/team-3.jpg HTTP/1.1" 304 0
"GET /facilities/ HTTP/1.1" 200 23574
"GET /facilities/add/ HTTP/1.1" 200 29318
"GET /facilities/ HTTP/1.1" 200 23574
"GET /swagger/ HTTP/1.1" 200 2449
"GET /static/drf-yasg/style.css HTTP/1.1" 200 1047
"GET /static/drf-yasg/swagger-ui-init.js HTTP/1.1" 200 15480
"GET /static/drf-yasg/immutable.min.js HTTP/1.1" 200 56904
"GET /static/drf-yasg/insQ.min.js HTTP/1.1" 200 2093
"GET /static/drf-yasg/swagger-ui-dist/swagger-ui-bundle.js HTTP/1.1" 200 1046583
"GET /static/drf-yasg/swagger-ui-dist/swagger-ui.css HTTP/1.1" 200 145206
"GET /static/drf-yasg/swagger-ui-dist/swagger-ui-standalone-preset.js HTTP/1.1" 200 322863
"GET /static/drf-yasg/swagger-ui-dist/favicon-32x32.png HTTP/1.1" 200 628
"GET /swagger/?format=openapi HTTP/1.1" 200 849
"GET /services/ HTTP/1.1" 200 21952
"GET /infrastructure/ HTTP/1.1" 200 24103
"GET / HTTP/1.1" 200 29679
"GET /admin/ HTTP/1.1" 200 7766
"GET /static/admin/css/base.css HTTP/1.1" 200 21310
"GET /static/admin/css/nav_sidebar.css HTTP/1.1" 200 2694
"GET /static/admin/css/responsive.css HTTP/1.1" 200 18559
"GET /static/admin/css/dashboard.css HTTP/1.1" 200 441
"GET /static/admin/css/dark_mode.css HTTP/1.1" 200 2929
"GET /static/admin/js/nav_sidebar.js HTTP/1.1" 200 3063
"GET /static/admin/js/theme.js HTTP/1.1" 200 1943
"GET /static/admin/img/icon-addlink.svg HTTP/1.1" 200 331
"GET /static/admin/img/icon-changelink.svg HTTP/1.1" 200 380
/home/kys-seven/Documents/WORK/PHINE_TECH/GBV PROJECT/gvrc_admin/apps/facilities/models.py changed, reloading.
Watching for file changes with StatReloader
/home/kys-seven/Documents/WORK/PHINE_TECH/GBV PROJECT/gvrc_admin/apps/facilities/models.py changed, reloading.
Watching for file changes with StatReloader
/home/kys-seven/Documents/WORK/PHINE_TECH/GBV PROJECT/gvrc_admin/apps/facilities/models.py changed, reloading.
Watching for file changes with StatReloader
Watching for file changes with StatReloader
Watching for file changes with StatReloader
"GET / HTTP/1.1" 200 29404
"GET /static/assets/css/argon.css?v=1.2.0 HTTP/1.1" 304 0
"GET /static/assets/vendor/nucleo/css/nucleo.css HTTP/1.1" 200 9015
"GET /static/assets/vendor/@fortawesome/fontawesome-free/css/all.min.css HTTP/1.1" 200 57180
"GET /static/assets/vendor/jquery/dist/jquery.min.js HTTP/1.1" 304 0
"GET /static/assets/vendor/bootstrap/dist/js/bootstrap.bundle.min.js HTTP/1.1" 304 0
"GET /static/assets/vendor/jquery.scrollbar/jquery.scrollbar.min.js HTTP/1.1" 304 0
"GET /static/assets/vendor/js-cookie/js.cookie.js HTTP/1.1" 304 0
"GET /static/assets/vendor/chart.js/dist/Chart.min.js HTTP/1.1" 304 0
"GET /static/assets/vendor/jquery-scroll-lock/dist/jquery-scrollLock.min.js HTTP/1.1" 304 0
"GET /static/assets/js/argon.js?v=1.2.0 HTTP/1.1" 304 0
"GET /static/assets/vendor/chart.js/dist/Chart.extension.js HTTP/1.1" 304 0
"GET /static/assets/img/theme/team-2.jpg HTTP/1.1" 304 0
"GET /static/assets/img/brand/blue.png HTTP/1.1" 200 7883
"GET /static/assets/img/theme/team-4.jpg HTTP/1.1" 200 124734
"GET /static/assets/img/theme/team-1.jpg HTTP/1.1" 200 166436
"GET /static/assets/img/theme/team-3.jpg HTTP/1.1" 200 173325
"GET /static/assets/vendor/nucleo/fonts/nucleo-icons.woff2 HTTP/1.1" 200 8580
"GET /static/assets/vendor/@fortawesome/fontawesome-free/webfonts/fa-solid-900.woff2 HTTP/1.1" 200 76084
"GET /static/assets/vendor/@fortawesome/fontawesome-free/webfonts/fa-brands-400.woff2 HTTP/1.1" 200 75936
"GET /static/assets/img/brand/favicon.png HTTP/1.1" 200 4976
"GET /admin/ HTTP/1.1" 302 0
"GET /admin/login/?next=/admin/ HTTP/1.1" 200 4182
"GET /static/admin/css/base.css HTTP/1.1" 200 21310
"GET /static/admin/css/dark_mode.css HTTP/1.1" 200 2929
"GET /static/admin/css/login.css HTTP/1.1" 200 958
"GET /static/admin/js/theme.js HTTP/1.1" 200 1943
"GET /static/admin/js/nav_sidebar.js HTTP/1.1" 200 3063
"GET /static/admin/css/nav_sidebar.css HTTP/1.1" 200 2694
"GET /static/admin/css/responsive.css HTTP/1.1" 200 18559
Not Found: /favicon.ico
"POST /admin/login/?next=/admin/ HTTP/1.1" 302 0
"GET /admin/ HTTP/1.1" 200 7377
"GET /static/admin/css/dashboard.css HTTP/1.1" 200 441
"GET /static/admin/img/icon-changelink.svg HTTP/1.1" 200 380
"GET /static/admin/img/icon-addlink.svg HTTP/1.1" 200 331
"GET /admin/facilities/facility/ HTTP/1.1" 200 11973
"GET /static/admin/css/changelists.css HTTP/1.1" 200 6566
"GET /static/admin/js/core.js HTTP/1.1" 200 5682
"GET /static/admin/js/urlify.js HTTP/1.1" 200 7887
"GET /static/admin/js/jquery.init.js HTTP/1.1" 200 347
"GET /static/admin/js/admin/RelatedObjectLookups.js HTTP/1.1" 200 8943
"GET /static/admin/js/actions.js HTTP/1.1" 200 7872
"GET /admin/jsi18n/ HTTP/1.1" 200 3343
"GET /static/admin/js/prepopulate.js HTTP/1.1" 200 1531
"GET /static/admin/js/vendor/jquery/jquery.js HTTP/1.1" 200 292458
"GET /static/admin/js/vendor/xregexp/xregexp.js HTTP/1.1" 200 232381
"GET /static/admin/js/filters.js HTTP/1.1" 200 978
"GET /static/admin/img/search.svg HTTP/1.1" 200 458
"GET /static/admin/img/tooltag-add.svg HTTP/1.1" 200 331
"GET /admin/ HTTP/1.1" 200 7377
"GET /static/admin/js/theme.js HTTP/1.1" 200 1943
"GET /static/admin/js/nav_sidebar.js HTTP/1.1" 200 3063
"GET /admin/ HTTP/1.1" 200 7377
"GET /admin/ HTTP/1.1" 200 7377
"GET /admin/facilities/facility/ HTTP/1.1" 200 11973
"GET /static/admin/js/jquery.init.js HTTP/1.1" 200 347
"GET /static/admin/js/urlify.js HTTP/1.1" 200 7887
"GET /static/admin/js/actions.js HTTP/1.1" 200 7872
"GET /static/admin/js/core.js HTTP/1.1" 200 5682
"GET /static/admin/js/admin/RelatedObjectLookups.js HTTP/1.1" 200 8943
"GET /static/admin/js/vendor/jquery/jquery.js HTTP/1.1" 200 292458
"GET /static/admin/js/filters.js HTTP/1.1" 200 978
"GET /static/admin/js/prepopulate.js HTTP/1.1" 200 1531
"GET /admin/jsi18n/ HTTP/1.1" 200 3343
"GET /static/admin/js/vendor/xregexp/xregexp.js HTTP/1.1" 200 232381
"GET /admin/ HTTP/1.1" 200 7377
"GET /admin/login/?next=/admin/ HTTP/1.1" 302 0
"GET /admin/ HTTP/1.1" 200 7377
"GET / HTTP/1.1" 200 29679
"GET /swagger/ HTTP/1.1" 200 2453
"GET /static/drf-yasg/style.css HTTP/1.1" 200 1047
"GET /static/drf-yasg/insQ.min.js HTTP/1.1" 200 2093
"GET /static/drf-yasg/immutable.min.js HTTP/1.1" 200 56904
"GET /static/drf-yasg/swagger-ui-init.js HTTP/1.1" 200 15480
"GET /static/drf-yasg/swagger-ui-dist/swagger-ui.css HTTP/1.1" 200 145206
"GET /static/drf-yasg/swagger-ui-dist/swagger-ui-standalone-preset.js HTTP/1.1" 200 322863
"GET /static/drf-yasg/swagger-ui-dist/swagger-ui-bundle.js HTTP/1.1" 200 1046583
"GET /static/drf-yasg/swagger-ui-dist/favicon-32x32.png HTTP/1.1" 200 628
Internal Server Error: /swagger/
Traceback (most recent call last):
  File "/home/kys-seven/.local/lib/python3.12/site-packages/django/core/handlers/exception.py", line 55, in inner
    response = get_response(request)
               ^^^^^^^^^^^^^^^^^^^^^
  File "/home/kys-seven/.local/lib/python3.12/site-packages/django/core/handlers/base.py", line 197, in _get_response
    response = wrapped_callback(request, *callback_args, **callback_kwargs)
               ^^^^^^^^^^^^^^^^^^^^^^^^^^^^^^^^^^^^^^^^^^^^^^^^^^^^^^^^^^^^
  File "/home/kys-seven/.local/lib/python3.12/site-packages/django/views/decorators/csrf.py", line 56, in wrapper_view
    return view_func(*args, **kwargs)
           ^^^^^^^^^^^^^^^^^^^^^^^^^^
  File "/home/kys-seven/.local/lib/python3.12/site-packages/django/views/generic/base.py", line 104, in view
    return self.dispatch(request, *args, **kwargs)
           ^^^^^^^^^^^^^^^^^^^^^^^^^^^^^^^^^^^^^^^
  File "/home/kys-seven/.local/lib/python3.12/site-packages/rest_framework/views.py", line 515, in dispatch
    response = self.handle_exception(exc)
               ^^^^^^^^^^^^^^^^^^^^^^^^^^
  File "/home/kys-seven/.local/lib/python3.12/site-packages/rest_framework/views.py", line 475, in handle_exception
    self.raise_uncaught_exception(exc)
  File "/home/kys-seven/.local/lib/python3.12/site-packages/rest_framework/views.py", line 486, in raise_uncaught_exception
    raise exc
  File "/home/kys-seven/.local/lib/python3.12/site-packages/rest_framework/views.py", line 512, in dispatch
    response = handler(request, *args, **kwargs)
               ^^^^^^^^^^^^^^^^^^^^^^^^^^^^^^^^^
  File "/home/kys-seven/.local/lib/python3.12/site-packages/drf_yasg/views.py", line 112, in get
    schema = generator.get_schema(request, self.public)
             ^^^^^^^^^^^^^^^^^^^^^^^^^^^^^^^^^^^^^^^^^^
  File "/home/kys-seven/.local/lib/python3.12/site-packages/drf_yasg/generators.py", line 276, in get_schema
    paths, prefix = self.get_paths(endpoints, components, request, public)
                    ^^^^^^^^^^^^^^^^^^^^^^^^^^^^^^^^^^^^^^^^^^^^^^^^^^^^^^
  File "/home/kys-seven/.local/lib/python3.12/site-packages/drf_yasg/generators.py", line 482, in get_paths
    operation = self.get_operation(view, path, prefix, method, components, request)
                ^^^^^^^^^^^^^^^^^^^^^^^^^^^^^^^^^^^^^^^^^^^^^^^^^^^^^^^^^^^^^^^^^^^
  File "/home/kys-seven/.local/lib/python3.12/site-packages/drf_yasg/generators.py", line 524, in get_operation
    operation = view_inspector.get_operation(operation_keys)
                ^^^^^^^^^^^^^^^^^^^^^^^^^^^^^^^^^^^^^^^^^^^^
  File "/home/kys-seven/.local/lib/python3.12/site-packages/drf_yasg/inspectors/view.py", line 45, in get_operation
    responses = self.get_responses()
                ^^^^^^^^^^^^^^^^^^^^
  File "/home/kys-seven/.local/lib/python3.12/site-packages/drf_yasg/inspectors/view.py", line 180, in get_responses
    response_serializers = self.get_response_serializers()
                           ^^^^^^^^^^^^^^^^^^^^^^^^^^^^^^^
  File "/home/kys-seven/.local/lib/python3.12/site-packages/drf_yasg/inspectors/view.py", line 235, in get_response_serializers
    responses = self.get_default_responses()
                ^^^^^^^^^^^^^^^^^^^^^^^^^^^^
  File "/home/kys-seven/.local/lib/python3.12/site-packages/drf_yasg/inspectors/view.py", line 211, in get_default_responses
    default_schema = self.serializer_to_schema(default_schema) or ''
                     ^^^^^^^^^^^^^^^^^^^^^^^^^^^^^^^^^^^^^^^^^
  File "/home/kys-seven/.local/lib/python3.12/site-packages/drf_yasg/inspectors/base.py", line 438, in serializer_to_schema
    return self.probe_inspectors(
           ^^^^^^^^^^^^^^^^^^^^^^
  File "/home/kys-seven/.local/lib/python3.12/site-packages/drf_yasg/inspectors/base.py", line 110, in probe_inspectors
    result = method(obj, **kwargs)
             ^^^^^^^^^^^^^^^^^^^^^
  File "/home/kys-seven/.local/lib/python3.12/site-packages/drf_yasg/inspectors/field.py", line 49, in get_schema
    return self.probe_field_inspectors(serializer, openapi.Schema, self.use_definitions)
           ^^^^^^^^^^^^^^^^^^^^^^^^^^^^^^^^^^^^^^^^^^^^^^^^^^^^^^^^^^^^^^^^^^^^^^^^^^^^^
  File "/home/kys-seven/.local/lib/python3.12/site-packages/drf_yasg/inspectors/base.py", line 228, in probe_field_inspectors
    return self.probe_inspectors(
           ^^^^^^^^^^^^^^^^^^^^^^
  File "/home/kys-seven/.local/lib/python3.12/site-packages/drf_yasg/inspectors/base.py", line 110, in probe_inspectors
    result = method(obj, **kwargs)
             ^^^^^^^^^^^^^^^^^^^^^
  File "/home/kys-seven/.local/lib/python3.12/site-packages/drf_yasg/inspectors/field.py", line 140, in field_to_swagger_object
    actual_schema = definitions.setdefault(ref_name, make_schema_definition)
                    ^^^^^^^^^^^^^^^^^^^^^^^^^^^^^^^^^^^^^^^^^^^^^^^^^^^^^^^^
  File "/home/kys-seven/.local/lib/python3.12/site-packages/drf_yasg/openapi.py", line 685, in setdefault
    ret = maker()
          ^^^^^^^
  File "/home/kys-seven/.local/lib/python3.12/site-packages/drf_yasg/inspectors/field.py", line 109, in make_schema_definition
    for property_name, child in serializer.fields.items():
                                ^^^^^^^^^^^^^^^^^
  File "/home/kys-seven/.local/lib/python3.12/site-packages/django/utils/functional.py", line 57, in __get__
    res = instance.__dict__[self.name] = self.func(instance)
                                         ^^^^^^^^^^^^^^^^^^^
  File "/home/kys-seven/.local/lib/python3.12/site-packages/rest_framework/serializers.py", line 374, in fields
    for key, value in self.get_fields().items():
                      ^^^^^^^^^^^^^^^^^
  File "/home/kys-seven/.local/lib/python3.12/site-packages/rest_framework/serializers.py", line 1105, in get_fields
    field_class, field_kwargs = self.build_field(
                                ^^^^^^^^^^^^^^^^^
  File "/home/kys-seven/.local/lib/python3.12/site-packages/rest_framework/serializers.py", line 1251, in build_field
    return self.build_unknown_field(field_name, model_class)
           ^^^^^^^^^^^^^^^^^^^^^^^^^^^^^^^^^^^^^^^^^^^^^^^^^
  File "/home/kys-seven/.local/lib/python3.12/site-packages/rest_framework/serializers.py", line 1369, in build_unknown_field
    raise ImproperlyConfigured(
django.core.exceptions.ImproperlyConfigured: Field name `updated_at` is not valid for model `Facility` in `apps.facilities.serializers.FacilityListSerializer`.
"GET /swagger/?format=openapi HTTP/1.1" 500 238971
"GET /facilities/ HTTP/1.1" 200 23574
"GET /facilities/add/ HTTP/1.1" 200 29318
"GET /swagger/ HTTP/1.1" 200 2453
"GET /static/drf-yasg/swagger-ui-dist/swagger-ui-standalone-preset.js HTTP/1.1" 200 322863
"GET /static/drf-yasg/swagger-ui-dist/swagger-ui-bundle.js HTTP/1.1" 200 1046583
Internal Server Error: /swagger/
Traceback (most recent call last):
  File "/home/kys-seven/.local/lib/python3.12/site-packages/django/core/handlers/exception.py", line 55, in inner
    response = get_response(request)
               ^^^^^^^^^^^^^^^^^^^^^
  File "/home/kys-seven/.local/lib/python3.12/site-packages/django/core/handlers/base.py", line 197, in _get_response
    response = wrapped_callback(request, *callback_args, **callback_kwargs)
               ^^^^^^^^^^^^^^^^^^^^^^^^^^^^^^^^^^^^^^^^^^^^^^^^^^^^^^^^^^^^
  File "/home/kys-seven/.local/lib/python3.12/site-packages/django/views/decorators/csrf.py", line 56, in wrapper_view
    return view_func(*args, **kwargs)
           ^^^^^^^^^^^^^^^^^^^^^^^^^^
  File "/home/kys-seven/.local/lib/python3.12/site-packages/django/views/generic/base.py", line 104, in view
    return self.dispatch(request, *args, **kwargs)
           ^^^^^^^^^^^^^^^^^^^^^^^^^^^^^^^^^^^^^^^
  File "/home/kys-seven/.local/lib/python3.12/site-packages/rest_framework/views.py", line 515, in dispatch
    response = self.handle_exception(exc)
               ^^^^^^^^^^^^^^^^^^^^^^^^^^
  File "/home/kys-seven/.local/lib/python3.12/site-packages/rest_framework/views.py", line 475, in handle_exception
    self.raise_uncaught_exception(exc)
  File "/home/kys-seven/.local/lib/python3.12/site-packages/rest_framework/views.py", line 486, in raise_uncaught_exception
    raise exc
  File "/home/kys-seven/.local/lib/python3.12/site-packages/rest_framework/views.py", line 512, in dispatch
    response = handler(request, *args, **kwargs)
               ^^^^^^^^^^^^^^^^^^^^^^^^^^^^^^^^^
  File "/home/kys-seven/.local/lib/python3.12/site-packages/drf_yasg/views.py", line 112, in get
    schema = generator.get_schema(request, self.public)
             ^^^^^^^^^^^^^^^^^^^^^^^^^^^^^^^^^^^^^^^^^^
  File "/home/kys-seven/.local/lib/python3.12/site-packages/drf_yasg/generators.py", line 276, in get_schema
    paths, prefix = self.get_paths(endpoints, components, request, public)
                    ^^^^^^^^^^^^^^^^^^^^^^^^^^^^^^^^^^^^^^^^^^^^^^^^^^^^^^
  File "/home/kys-seven/.local/lib/python3.12/site-packages/drf_yasg/generators.py", line 482, in get_paths
    operation = self.get_operation(view, path, prefix, method, components, request)
                ^^^^^^^^^^^^^^^^^^^^^^^^^^^^^^^^^^^^^^^^^^^^^^^^^^^^^^^^^^^^^^^^^^^
  File "/home/kys-seven/.local/lib/python3.12/site-packages/drf_yasg/generators.py", line 524, in get_operation
    operation = view_inspector.get_operation(operation_keys)
                ^^^^^^^^^^^^^^^^^^^^^^^^^^^^^^^^^^^^^^^^^^^^
  File "/home/kys-seven/.local/lib/python3.12/site-packages/drf_yasg/inspectors/view.py", line 45, in get_operation
    responses = self.get_responses()
                ^^^^^^^^^^^^^^^^^^^^
  File "/home/kys-seven/.local/lib/python3.12/site-packages/drf_yasg/inspectors/view.py", line 180, in get_responses
    response_serializers = self.get_response_serializers()
                           ^^^^^^^^^^^^^^^^^^^^^^^^^^^^^^^
  File "/home/kys-seven/.local/lib/python3.12/site-packages/drf_yasg/inspectors/view.py", line 235, in get_response_serializers
    responses = self.get_default_responses()
                ^^^^^^^^^^^^^^^^^^^^^^^^^^^^
  File "/home/kys-seven/.local/lib/python3.12/site-packages/drf_yasg/inspectors/view.py", line 211, in get_default_responses
    default_schema = self.serializer_to_schema(default_schema) or ''
                     ^^^^^^^^^^^^^^^^^^^^^^^^^^^^^^^^^^^^^^^^^
  File "/home/kys-seven/.local/lib/python3.12/site-packages/drf_yasg/inspectors/base.py", line 438, in serializer_to_schema
    return self.probe_inspectors(
           ^^^^^^^^^^^^^^^^^^^^^^
  File "/home/kys-seven/.local/lib/python3.12/site-packages/drf_yasg/inspectors/base.py", line 110, in probe_inspectors
    result = method(obj, **kwargs)
             ^^^^^^^^^^^^^^^^^^^^^
  File "/home/kys-seven/.local/lib/python3.12/site-packages/drf_yasg/inspectors/field.py", line 49, in get_schema
    return self.probe_field_inspectors(serializer, openapi.Schema, self.use_definitions)
           ^^^^^^^^^^^^^^^^^^^^^^^^^^^^^^^^^^^^^^^^^^^^^^^^^^^^^^^^^^^^^^^^^^^^^^^^^^^^^
  File "/home/kys-seven/.local/lib/python3.12/site-packages/drf_yasg/inspectors/base.py", line 228, in probe_field_inspectors
    return self.probe_inspectors(
           ^^^^^^^^^^^^^^^^^^^^^^
  File "/home/kys-seven/.local/lib/python3.12/site-packages/drf_yasg/inspectors/base.py", line 110, in probe_inspectors
    result = method(obj, **kwargs)
             ^^^^^^^^^^^^^^^^^^^^^
  File "/home/kys-seven/.local/lib/python3.12/site-packages/drf_yasg/inspectors/field.py", line 140, in field_to_swagger_object
    actual_schema = definitions.setdefault(ref_name, make_schema_definition)
                    ^^^^^^^^^^^^^^^^^^^^^^^^^^^^^^^^^^^^^^^^^^^^^^^^^^^^^^^^
  File "/home/kys-seven/.local/lib/python3.12/site-packages/drf_yasg/openapi.py", line 685, in setdefault
    ret = maker()
          ^^^^^^^
  File "/home/kys-seven/.local/lib/python3.12/site-packages/drf_yasg/inspectors/field.py", line 109, in make_schema_definition
    for property_name, child in serializer.fields.items():
                                ^^^^^^^^^^^^^^^^^
  File "/home/kys-seven/.local/lib/python3.12/site-packages/django/utils/functional.py", line 57, in __get__
    res = instance.__dict__[self.name] = self.func(instance)
                                         ^^^^^^^^^^^^^^^^^^^
  File "/home/kys-seven/.local/lib/python3.12/site-packages/rest_framework/serializers.py", line 374, in fields
    for key, value in self.get_fields().items():
                      ^^^^^^^^^^^^^^^^^
  File "/home/kys-seven/.local/lib/python3.12/site-packages/rest_framework/serializers.py", line 1105, in get_fields
    field_class, field_kwargs = self.build_field(
                                ^^^^^^^^^^^^^^^^^
  File "/home/kys-seven/.local/lib/python3.12/site-packages/rest_framework/serializers.py", line 1251, in build_field
    return self.build_unknown_field(field_name, model_class)
           ^^^^^^^^^^^^^^^^^^^^^^^^^^^^^^^^^^^^^^^^^^^^^^^^^
  File "/home/kys-seven/.local/lib/python3.12/site-packages/rest_framework/serializers.py", line 1369, in build_unknown_field
    raise ImproperlyConfigured(
django.core.exceptions.ImproperlyConfigured: Field name `updated_at` is not valid for model `Facility` in `apps.facilities.serializers.FacilityListSerializer`.
"GET /swagger/?format=openapi HTTP/1.1" 500 238971
"GET /infrastructure/ HTTP/1.1" 200 24103
"GET /admin/facilities/facility_infrastructure/ HTTP/1.1" 200 14521
"GET /admin/jsi18n/ HTTP/1.1" 200 3343
"GET /static/admin/js/vendor/xregexp/xregexp.js HTTP/1.1" 200 232381
"GET /static/admin/js/vendor/jquery/jquery.js HTTP/1.1" 200 292458
"GET /admin/facilities/facility_infrastructure/add/ HTTP/1.1" 200 24175
"GET /static/admin/css/forms.css HTTP/1.1" 200 9048
"GET /static/admin/js/vendor/jquery/jquery.js HTTP/1.1" 200 292458
"GET /static/admin/js/collapse.js HTTP/1.1" 200 1803
"GET /static/admin/js/admin/DateTimeShortcuts.js HTTP/1.1" 200 19319
"GET /static/admin/js/vendor/xregexp/xregexp.js HTTP/1.1" 200 232381
"GET /static/admin/js/change_form.js HTTP/1.1" 200 606
"GET /static/admin/js/calendar.js HTTP/1.1" 200 8466
"GET /admin/jsi18n/ HTTP/1.1" 200 3343
"GET /static/admin/js/prepopulate_init.js HTTP/1.1" 200 586
"GET /static/admin/css/widgets.css HTTP/1.1" 200 11921
"GET /static/admin/img/icon-viewlink.svg HTTP/1.1" 200 581
"GET /admin/facilities/facility/add/ HTTP/1.1" 200 23448
"GET /admin/jsi18n/ HTTP/1.1" 200 3343
"GET /static/admin/js/vendor/jquery/jquery.js HTTP/1.1" 200 292458
"GET /static/admin/js/vendor/xregexp/xregexp.js HTTP/1.1" 200 232381
"GET /admin/facilities/facility_infrastructure/add/ HTTP/1.1" 200 24175
"GET /static/admin/js/vendor/jquery/jquery.js HTTP/1.1" 200 292458
"GET /static/admin/js/vendor/xregexp/xregexp.js HTTP/1.1" 200 232381
"GET /admin/facilities/facility_infrastructure/ HTTP/1.1" 200 14521
"GET /static/admin/js/vendor/jquery/jquery.js HTTP/1.1" 200 292458
"GET /static/admin/js/vendor/xregexp/xregexp.js HTTP/1.1" 200 232381
"GET /facilities/ HTTP/1.1" 200 23574
"GET /services/ HTTP/1.1" 200 21952
/home/kys-seven/Documents/WORK/PHINE_TECH/GBV PROJECT/gvrc_admin/apps/facilities/serializers.py changed, reloading.
Watching for file changes with StatReloader
/home/kys-seven/Documents/WORK/PHINE_TECH/GBV PROJECT/gvrc_admin/apps/facilities/serializers.py changed, reloading.
Watching for file changes with StatReloader
"GET /swagger/ HTTP/1.1" 200 2453
"GET /static/drf-yasg/swagger-ui-dist/swagger-ui.css HTTP/1.1" 200 145206
"GET /static/drf-yasg/swagger-ui-dist/swagger-ui-standalone-preset.js HTTP/1.1" 200 322863
"GET /static/drf-yasg/swagger-ui-dist/swagger-ui-bundle.js HTTP/1.1" 200 1046583
"GET /swagger/?format=openapi HTTP/1.1" 200 53166
/home/kys-seven/Documents/WORK/PHINE_TECH/GBV PROJECT/gvrc_admin/apps/facilities/serializers.py changed, reloading.
Watching for file changes with StatReloader
/home/kys-seven/Documents/WORK/PHINE_TECH/GBV PROJECT/gvrc_admin/apps/facilities/serializers.py changed, reloading.
Watching for file changes with StatReloader
