INFO 2025-08-14 09:52:46,697 autoreload 13418 128462357688448 Watching for file changes with StatReloader
INFO 2025-08-14 09:53:32,423 autoreload 13418 128462357688448 /home/kys-seven/Documents/WORK/PHINE_TECH/GBV PROJECT/facility_project/facility_project/wsgi.py changed, reloading.
INFO 2025-08-14 09:53:33,158 autoreload 13720 137717491368064 Watching for file changes with StatReloader
WARNING 2025-08-14 09:53:54,276 log 13720 137717407016640 Not Found: /
WARNING 2025-08-14 09:53:54,278 basehttp 13720 137717407016640 "GET / HTTP/1.1" 404 7398
WARNING 2025-08-14 09:53:54,604 log 13720 137717407016640 Not Found: /favicon.ico
WARNING 2025-08-14 09:53:54,605 basehttp 13720 137717407016640 "GET /favicon.ico HTTP/1.1" 404 7449
WARNING 2025-08-14 09:54:05,891 log 13720 137717407016640 Not Found: /
WARNING 2025-08-14 09:54:05,892 basehttp 13720 137717407016640 "GET / HTTP/1.1" 404 7398
INFO 2025-08-14 09:54:25,044 autoreload 14190 125619219685504 Watching for file changes with StatReloader
WARNING 2025-08-14 09:54:30,058 log 14190 125619136358080 Not Found: /
WARNING 2025-08-14 09:54:30,065 basehttp 14190 125619136358080 "GET / HTTP/1.1" 404 7398
WARNING 2025-08-14 09:54:49,294 log 14190 125619136358080 Not Found: /admin
WARNING 2025-08-14 09:54:49,295 basehttp 14190 125619136358080 "GET /admin HTTP/1.1" 404 7431
WARNING 2025-08-14 09:55:23,232 log 14190 125619136358080 Not Found: /admin/
WARNING 2025-08-14 09:55:23,234 basehttp 14190 125619136358080 "GET /admin/ HTTP/1.1" 404 7434
INFO 2025-08-14 09:59:40,689 autoreload 14190 125619219685504 /home/kys-seven/Documents/WORK/PHINE_TECH/GBV PROJECT/facility_project/facility_project/urls.py changed, reloading.
INFO 2025-08-14 09:59:41,232 autoreload 16366 127473034555520 Watching for file changes with StatReloader
WARNING 2025-08-14 10:01:17,925 log 16366 127472949520064 Not Found: /
WARNING 2025-08-14 10:01:17,927 basehttp 16366 127472949520064 "GET / HTTP/1.1" 404 2165
